Building DAG of jobs...
Using shell: /usr/bin/bash
Provided cores: 3
Rules claiming more threads will be scaled down.
Job stats:
job            count    min threads    max threads
-----------  -------  -------------  -------------
all                1              1              1
analysis           1              1              1
concatenate        1              1              1
msa                1              1              1
phylo              1              1              1
postprocess        1              1              1
preprocess         1              1              1
total              7              1              1

Select jobs to execute...

[Sun Nov 21 16:06:31 2021]
rule concatenate:
    input: Viral_Sequence_Data/Reference.fasta, Viral_Sequence_Data/WNV_Genomes.fasta
    output: Intermediates/WNV_Genomes_fixed.fasta
    jobid: 5
    wildcards: genome=WNV_Genomes
    resources: tmpdir=/tmp

[Sun Nov 21 16:06:31 2021]
Finished job 5.
1 of 7 steps (14%) done
Select jobs to execute...

[Sun Nov 21 16:06:31 2021]
rule preprocess:
    input: Intermediates/WNV_Genomes_fixed.fasta
    output: Intermediates/WNV_Genomes_fixed.fasta_nuc.fas, Intermediates/WNV_Genomes_fixed.fasta_protein.fas
    jobid: 4
    wildcards: genome=WNV_Genomes
    resources: tmpdir=/tmp

[Sun Nov 21 16:54:47 2021]
Finished job 4.
2 of 7 steps (29%) done
Select jobs to execute...

[Sun Nov 21 16:54:47 2021]
rule msa:
    input: Intermediates/WNV_Genomes_fixed.fasta_protein.fas
    output: Intermediates/WNV_Genomes_fixed_intermediate.msa
    jobid: 3
    wildcards: genome=WNV_Genomes
    resources: tmpdir=/tmp

[Sun Nov 21 16:55:40 2021]
Finished job 3.
3 of 7 steps (43%) done
Select jobs to execute...

[Sun Nov 21 16:55:40 2021]
rule postprocess:
    input: Intermediates/WNV_Genomes_fixed_intermediate.msa, Intermediates/WNV_Genomes_fixed.fasta_nuc.fas
    output: MSA/WNV_Genomes_fixed_aligned.msa
    jobid: 2
    wildcards: genome=WNV_Genomes
    resources: tmpdir=/tmp

[Sun Nov 21 16:56:11 2021]
Finished job 2.
4 of 7 steps (57%) done
Select jobs to execute...

[Sun Nov 21 16:56:11 2021]
rule phylo:
    input: MSA/WNV_Genomes_fixed_aligned.msa
    output: tree/WNV_Genomes_fixed_tree
    jobid: 6
    wildcards: genome=WNV_Genomes
    resources: tmpdir=/tmp

[Sun Nov 21 16:58:36 2021]
Finished job 6.
5 of 7 steps (71%) done
Select jobs to execute...

[Sun Nov 21 16:58:36 2021]
rule analysis:
    input: MSA/WNV_Genomes_fixed_aligned.msa, tree/WNV_Genomes_fixed_tree
    output: hyphy_out/WNV_Genomes_FUBAR
    jobid: 1
    wildcards: genome=WNV_Genomes
    resources: tmpdir=/tmp

[Sun Nov 21 17:13:36 2021]
Finished job 1.
6 of 7 steps (86%) done
Select jobs to execute...

[Sun Nov 21 17:13:36 2021]
localrule all:
    input: hyphy_out/WNV_Genomes_FUBAR
    jobid: 0
    resources: tmpdir=/tmp

[Sun Nov 21 17:13:36 2021]
Finished job 0.
7 of 7 steps (100%) done
Complete log: /home/fieldima/biof501-pipeline/.snakemake/log/2021-11-21T160631.131560.snakemake.log
