Building DAG of jobs...
Using shell: /usr/bin/bash
Provided cores: 1 (use --cores to define parallelism)
Rules claiming more threads will be scaled down.
Job stats:
job            count    min threads    max threads
-----------  -------  -------------  -------------
all                1              1              1
analysis           1              1              1
msa                1              1              1
phylo              1              1              1
postprocess        1              1              1
preprocess         1              1              1
total              6              1              1

Select jobs to execute...

[Sun Nov 14 08:02:12 2021]
rule preprocess:
    input: Viral_Sequence_Data/WNV_Genomes.fasta
    output: Viral_Sequence_Data/WNV_Genomes.fasta_nuc.fas, Viral_Sequence_Data/WNV_Genomes.fasta_protein.fas
    jobid: 4
    wildcards: genome=WNV_Genomes
    resources: tmpdir=/tmp

[Sun Nov 14 08:37:33 2021]
Finished job 4.
1 of 6 steps (17%) done
Select jobs to execute...

[Sun Nov 14 08:37:33 2021]
rule msa:
    input: Viral_Sequence_Data/WNV_Genomes.fasta_protein.fas
    output: MSA/WNV_Genomes_intermediate.msa
    jobid: 3
    wildcards: genome=WNV_Genomes
    resources: tmpdir=/tmp

[Sun Nov 14 08:38:09 2021]
Finished job 3.
2 of 6 steps (33%) done
Select jobs to execute...

[Sun Nov 14 08:38:09 2021]
rule postprocess:
    input: MSA/WNV_Genomes_intermediate.msa, Viral_Sequence_Data/WNV_Genomes.fasta_nuc.fas
    output: MSA/WNV_Genomes_aligned.msa
    jobid: 2
    wildcards: genome=WNV_Genomes
    resources: tmpdir=/tmp

[Sun Nov 14 08:38:32 2021]
Finished job 2.
3 of 6 steps (50%) done
Select jobs to execute...

[Sun Nov 14 08:38:32 2021]
rule phylo:
    input: MSA/WNV_Genomes_aligned.msa
    output: tree/WNV_Genomes_tree
    jobid: 5
    wildcards: genome=WNV_Genomes
    resources: tmpdir=/tmp

[Sun Nov 14 08:40:17 2021]
Finished job 5.
4 of 6 steps (67%) done
Select jobs to execute...

[Sun Nov 14 08:40:17 2021]
rule analysis:
    input: MSA/WNV_Genomes_aligned.msa, tree/WNV_Genomes_tree
    output: MSA/WNV_Genomes_aligned.msa.FEL.json
    jobid: 1
    wildcards: genome=WNV_Genomes
    resources: tmpdir=/tmp

[Sun Nov 14 16:19:22 2021]
Finished job 1.
5 of 6 steps (83%) done
Select jobs to execute...

[Sun Nov 14 16:19:22 2021]
localrule all:
    input: MSA/WNV_Genomes_aligned.msa.FEL.json
    jobid: 0
    resources: tmpdir=/tmp

[Sun Nov 14 16:19:22 2021]
Finished job 0.
6 of 6 steps (100%) done
Complete log: /home/fieldima/biof501-pipeline/.snakemake/log/2021-11-14T080212.400510.snakemake.log
